# JRE version: OpenJDK Runtime Environment (17.0.6) (build 17.0.6+0-b2043.56-10027231)
# Java VM: OpenJDK 64-Bit Server VM (17.0.6+0-b2043.56-10027231, mixed mode, tiered, compressed oops, compressed class ptrs, g1 gc, windows-amd64)
GC Precious Log:
 CPUs: 8 total, 8 available
 Memory: 7914M
 Large Page Support: Disabled
 NUMA Support: Disabled
 Compressed Oops: Enabled (32-bit)
 Heap Region Size: 1M
 Heap Min Capacity: 8M
 Heap Initial Capacity: 124M
 Heap Max Capacity: 2G
 Pre-touch: Disabled
 Parallel Workers: 8
 Concurrent Workers: 2
 Concurrent Refinement Workers: 8
 Periodic GC: Disabled
Heap:
 garbage-first heap   total 71680K, used 34005K [0x0000000080000000, 0x0000000100000000)
  region size 1024K, 4 young (4096K), 3 survivors (3072K)
 Metaspace       used 52418K, committed 52800K, reserved 1097728K
  class space    used 7042K, committed 7232K, reserved 1048576K
GC Heap History (20 events):
Event: 1.067 GC heap after
{Heap after GC invocations=1 (full 0):
 garbage-first heap   total 126976K, used 10028K [0x0000000080000000, 0x0000000100000000)
  region size 1024K, 3 young (3072K), 3 survivors (3072K)
 Metaspace       used 10260K, committed 10432K, reserved 1064960K
  class space    used 1058K, committed 1152K, reserved 1048576K
}
Event: 1.636 GC heap before
{Heap before GC invocations=1 (full 0):
 garbage-first heap   total 126976K, used 39724K [0x0000000080000000, 0x0000000100000000)
  region size 1024K, 31 young (31744K), 3 survivors (3072K)
 Metaspace       used 11221K, committed 11456K, reserved 1064960K
  class space    used 1162K, committed 1280K, reserved 1048576K
}
Event: 1.644 GC heap after
{Heap after GC invocations=2 (full 0):
 garbage-first heap   total 126976K, used 14277K [0x0000000080000000, 0x0000000100000000)
  region size 1024K, 4 young (4096K), 4 survivors (4096K)
 Metaspace       used 11221K, committed 11456K, reserved 1064960K
  class space    used 1162K, committed 1280K, reserved 1048576K
}
Event: 2.894 GC heap before
{Heap before GC invocations=2 (full 0):
 garbage-first heap   total 126976K, used 53189K [0x0000000080000000, 0x0000000100000000)
  region size 1024K, 43 young (44032K), 4 survivors (4096K)
 Metaspace       used 21327K, committed 21504K, reserved 1073152K
  class space    used 2595K, committed 2688K, reserved 1048576K
}
Event: 2.903 GC heap after
{Heap after GC invocations=3 (full 0):
 garbage-first heap   total 126976K, used 18813K [0x0000000080000000, 0x0000000100000000)
  region size 1024K, 9 young (9216K), 9 survivors (9216K)
 Metaspace       used 21327K, committed 21504K, reserved 1073152K
  class space    used 2595K, committed 2688K, reserved 1048576K
}
Event: 3.985 GC heap before
{Heap before GC invocations=4 (full 0):
 garbage-first heap   total 71680K, used 51581K [0x0000000080000000, 0x0000000100000000)
  region size 1024K, 42 young (43008K), 9 survivors (9216K)
 Metaspace       used 26658K, committed 26944K, reserved 1073152K
  class space    used 3510K, committed 3648K, reserved 1048576K
}
Event: 3.992 GC heap after
{Heap after GC invocations=5 (full 0):
 garbage-first heap   total 71680K, used 20606K [0x0000000080000000, 0x0000000100000000)
  region size 1024K, 3 young (3072K), 3 survivors (3072K)
 Metaspace       used 26658K, committed 26944K, reserved 1073152K
  class space    used 3510K, committed 3648K, reserved 1048576K
}
Event: 4.795 GC heap before
{Heap before GC invocations=5 (full 0):
 garbage-first heap   total 71680K, used 48254K [0x0000000080000000, 0x0000000100000000)
  region size 1024K, 30 young (30720K), 3 survivors (3072K)
 Metaspace       used 30780K, committed 31040K, reserved 1081344K
  class space    used 4190K, committed 4288K, reserved 1048576K
}
Event: 4.798 GC heap after
{Heap after GC invocations=6 (full 0):
 garbage-first heap   total 71680K, used 21881K [0x0000000080000000, 0x0000000100000000)
  region size 1024K, 4 young (4096K), 4 survivors (4096K)
 Metaspace       used 30780K, committed 31040K, reserved 1081344K
  class space    used 4190K, committed 4288K, reserved 1048576K
}
Event: 5.620 GC heap before
{Heap before GC invocations=6 (full 0):
 garbage-first heap   total 71680K, used 47481K [0x0000000080000000, 0x0000000100000000)
  region size 1024K, 31 young (31744K), 4 survivors (4096K)
 Metaspace       used 35797K, committed 36096K, reserved 1081344K
  class space    used 4896K, committed 5056K, reserved 1048576K
}
Event: 5.626 GC heap after
{Heap after GC invocations=7 (full 0):
 garbage-first heap   total 71680K, used 24059K [0x0000000080000000, 0x0000000100000000)
  region size 1024K, 4 young (4096K), 4 survivors (4096K)
 Metaspace       used 35797K, committed 36096K, reserved 1081344K
  class space    used 4896K, committed 5056K, reserved 1048576K
}
Event: 6.097 GC heap before
{Heap before GC invocations=8 (full 0):
 garbage-first heap   total 71680K, used 51707K [0x0000000080000000, 0x0000000100000000)
  region size 1024K, 32 young (32768K), 4 survivors (4096K)
 Metaspace       used 40393K, committed 40768K, reserved 1089536K
  class space    used 5353K, committed 5504K, reserved 1048576K
}
Event: 6.104 GC heap after
{Heap after GC invocations=9 (full 0):
 garbage-first heap   total 71680K, used 28508K [0x0000000080000000, 0x0000000100000000)
  region size 1024K, 4 young (4096K), 4 survivors (4096K)
 Metaspace       used 40393K, committed 40768K, reserved 1089536K
  class space    used 5353K, committed 5504K, reserved 1048576K
}
Event: 6.562 GC heap before
{Heap before GC invocations=9 (full 0):
 garbage-first heap   total 71680K, used 55132K [0x0000000080000000, 0x0000000100000000)
  region size 1024K, 28 young (28672K), 4 survivors (4096K)
 Metaspace       used 43148K, committed 43520K, reserved 1089536K
  class space    used 5666K, committed 5824K, reserved 1048576K
}
Event: 6.567 GC heap after
{Heap after GC invocations=10 (full 0):
 garbage-first heap   total 71680K, used 29594K [0x0000000080000000, 0x0000000100000000)
  region size 1024K, 2 young (2048K), 2 survivors (2048K)
 Metaspace       used 43148K, committed 43520K, reserved 1089536K
  class space    used 5666K, committed 5824K, reserved 1048576K
}
Event: 7.131 GC heap before
{Heap before GC invocations=10 (full 0):
 garbage-first heap   total 71680K, used 54170K [0x0000000080000000, 0x0000000100000000)
  region size 1024K, 26 young (26624K), 2 survivors (2048K)
 Metaspace       used 46115K, committed 46528K, reserved 1089536K
  class space    used 6059K, committed 6272K, reserved 1048576K
}
Event: 7.135 GC heap after
{Heap after GC invocations=11 (full 0):
 garbage-first heap   total 71680K, used 31257K [0x0000000080000000, 0x0000000100000000)
  region size 1024K, 4 young (4096K), 4 survivors (4096K)
 Metaspace       used 46115K, committed 46528K, reserved 1089536K
  class space    used 6059K, committed 6272K, reserved 1048576K
}
Event: 7.704 GC heap before
{Heap before GC invocations=11 (full 0):
 garbage-first heap   total 71680K, used 54809K [0x0000000080000000, 0x0000000100000000)
  region size 1024K, 27 young (27648K), 4 survivors (4096K)
 Metaspace       used 49402K, committed 49792K, reserved 1097728K
  class space    used 6593K, committed 6784K, reserved 1048576K
}
Event: 7.709 GC heap after
{Heap after GC invocations=12 (full 0):
 garbage-first heap   total 71680K, used 32568K [0x0000000080000000, 0x0000000100000000)
  region size 1024K, 4 young (4096K), 4 survivors (4096K)
 Metaspace       used 49402K, committed 49792K, reserved 1097728K
  class space    used 6593K, committed 6784K, reserved 1048576K
}
Event: 8.519 GC heap before
{Heap before GC invocations=12 (full 0):
 garbage-first heap   total 71680K, used 55096K [0x0000000080000000, 0x0000000100000000)
  region size 1024K, 26 young (26624K), 4 survivors (4096K)
 Metaspace       used 52353K, committed 52800K, reserved 1097728K
  class space    used 7035K, committed 7232K, reserved 1048576K
}

